  Protocols.pb.cc
c:\users\songyikim\source\repos\protobuf-3.2.x\src\google\protobuf\stubs\logging.h(100): warning C4251: 'google::protobuf::internal::LogMessage::message_': class 'std::basic_string<char,std::char_traits<char>,std::allocator<char>>'에서는 class 'google::protobuf::internal::LogMessage'의 클라이언트에서 DLL 인터페이스를 사용하도록 지정해야 합니다.
  c:\program files (x86)\microsoft visual studio 14.0\vc\include\xstring(2633): note: 'std::basic_string<char,std::char_traits<char>,std::allocator<char>>' 선언을 참조하십시오.
c:\users\songyikim\source\repos\protobuf-3.2.x\src\google\protobuf\arena.h(563): warning C4251: 'google::protobuf::Arena::lifecycle_id_generator_': class 'google::protobuf::internal::SequenceNumber'에서는 class 'google::protobuf::Arena'의 클라이언트에서 DLL 인터페이스를 사용하도록 지정해야 합니다.
  c:\users\songyikim\source\repos\protobuf-3.2.x\src\google\protobuf\stubs\atomic_sequence_num.h(39): note: 'google::protobuf::internal::SequenceNumber' 선언을 참조하십시오.
c:\users\songyikim\source\repos\protobuf-3.2.x\src\google\protobuf\arena.h(924): warning C4251: 'google::protobuf::Arena::options_': struct 'google::protobuf::ArenaOptions'에서는 class 'google::protobuf::Arena'의 클라이언트에서 DLL 인터페이스를 사용하도록 지정해야 합니다.
  c:\users\songyikim\source\repos\protobuf-3.2.x\src\google\protobuf\arena.h(95): note: 'google::protobuf::ArenaOptions' 선언을 참조하십시오.
c:\users\songyikim\source\repos\protobuf-3.2.x\src\google\protobuf\descriptor.h(1631): warning C4251: 'google::protobuf::DescriptorPool::tables_': class 'google::protobuf::internal::scoped_ptr<google::protobuf::DescriptorPool::Tables>'에서는 class 'google::protobuf::DescriptorPool'의 클라이언트에서 DLL 인터페이스를 사용하도록 지정해야 합니다.
  c:\users\songyikim\source\repos\protobuf-3.2.x\src\google\protobuf\descriptor.h(1631): note: 'google::protobuf::internal::scoped_ptr<google::protobuf::DescriptorPool::Tables>' 선언을 참조하십시오.
c:\users\songyikim\source\repos\protobuf-3.2.x\src\google\protobuf\descriptor.h(1636): warning C4251: 'google::protobuf::DescriptorPool::unused_import_track_files_': class 'std::set<std::string,std::less<_Kty>,std::allocator<_Ty>>'에서는 class 'google::protobuf::DescriptorPool'의 클라이언트에서 DLL 인터페이스를 사용하도록 지정해야 합니다.
          with
          [
              _Kty=std::string,
              _Ty=std::string
          ]
  c:\users\songyikim\source\repos\protobuf-3.2.x\src\google\protobuf\descriptor.h(1636): note: 'std::set<std::string,std::less<_Kty>,std::allocator<_Ty>>' 선언을 참조하십시오.
          with
          [
              _Kty=std::string,
              _Ty=std::string
          ]
c:\users\songyikim\source\repos\protobuf-3.2.x\src\google\protobuf\extension_set.h(632): warning C4251: 'google::protobuf::internal::ExtensionSet::extensions_': class 'std::map<int,google::protobuf::internal::ExtensionSet::Extension,std::less<int>,std::allocator<std::pair<const _Kty,_Ty>>>'에서는 class 'google::protobuf::internal::ExtensionSet'의 클라이언트에서 DLL 인터페이스를 사용하도록 지정해야 합니다.
          with
          [
              _Kty=int,
              _Ty=google::protobuf::internal::ExtensionSet::Extension
          ]
  c:\users\songyikim\source\repos\protobuf-3.2.x\src\google\protobuf\extension_set.h(561): note: 'std::map<int,google::protobuf::internal::ExtensionSet::Extension,std::less<int>,std::allocator<std::pair<const _Kty,_Ty>>>' 선언을 참조하십시오.
          with
          [
              _Kty=int,
              _Ty=google::protobuf::internal::ExtensionSet::Extension
          ]
c:\users\songyikim\source\repos\protobuf-3.2.x\src\google\protobuf\descriptor.pb.h(354): warning C4251: 'google::protobuf::FileDescriptorSet::_internal_metadata_': class 'google::protobuf::internal::InternalMetadataWithArena'에서는 class 'google::protobuf::FileDescriptorSet'의 클라이언트에서 DLL 인터페이스를 사용하도록 지정해야 합니다.
  c:\users\songyikim\source\repos\protobuf-3.2.x\src\google\protobuf\metadata.h(170): note: 'google::protobuf::internal::InternalMetadataWithArena' 선언을 참조하십시오.
c:\users\songyikim\source\repos\protobuf-3.2.x\src\google\protobuf\descriptor.pb.h(355): warning C4251: 'google::protobuf::FileDescriptorSet::_has_bits_': class 'google::protobuf::internal::HasBits<1>'에서는 class 'google::protobuf::FileDescriptorSet'의 클라이언트에서 DLL 인터페이스를 사용하도록 지정해야 합니다.
  c:\users\songyikim\source\repos\protobuf-3.2.x\src\google\protobuf\has_bits.h(72): note: 'google::protobuf::internal::HasBits<1>' 선언을 참조하십시오.
c:\users\songyikim\source\repos\protobuf-3.2.x\src\google\protobuf\descriptor.pb.h(357): warning C4251: 'google::protobuf::FileDescriptorSet::file_': class 'google::protobuf::RepeatedPtrField<google::protobuf::FileDescriptorProto>'에서는 class 'google::protobuf::FileDescriptorSet'의 클라이언트에서 DLL 인터페이스를 사용하도록 지정해야 합니다.
  c:\users\songyikim\source\repos\protobuf-3.2.x\src\google\protobuf\descriptor.pb.h(346): note: 'google::protobuf::RepeatedPtrField<google::protobuf::FileDescriptorProto>' 선언을 참조하십시오.
c:\users\songyikim\source\repos\protobuf-3.2.x\src\google\protobuf\descriptor.pb.h(601): warning C4251: 'google::protobuf::FileDescriptorProto::_internal_metadata_': class 'google::protobuf::internal::InternalMetadataWithArena'에서는 class 'google::protobuf::FileDescriptorProto'의 클라이언트에서 DLL 인터페이스를 사용하도록 지정해야 합니다.
  c:\users\songyikim\source\repos\protobuf-3.2.x\src\google\protobuf\metadata.h(170): note: 'google::protobuf::internal::InternalMetadataWithArena' 선언을 참조하십시오.
c:\users\songyikim\source\repos\protobuf-3.2.x\src\google\protobuf\descriptor.pb.h(602): warning C4251: 'google::protobuf::FileDescriptorProto::_has_bits_': class 'google::protobuf::internal::HasBits<1>'에서는 class 'google::protobuf::FileDescriptorProto'의 클라이언트에서 DLL 인터페이스를 사용하도록 지정해야 합니다.
  c:\users\songyikim\source\repos\protobuf-3.2.x\src\google\protobuf\has_bits.h(72): note: 'google::protobuf::internal::HasBits<1>' 선언을 참조하십시오.
c:\users\songyikim\source\repos\protobuf-3.2.x\src\google\protobuf\descriptor.pb.h(604): warning C4251: 'google::protobuf::FileDescriptorProto::dependency_': class 'google::protobuf::RepeatedPtrField<std::string>'에서는 class 'google::protobuf::FileDescriptorProto'의 클라이언트에서 DLL 인터페이스를 사용하도록 지정해야 합니다.
  c:\users\songyikim\source\repos\protobuf-3.2.x\src\google\protobuf\message.h(1095): note: 'google::protobuf::RepeatedPtrField<std::string>' 선언을 참조하십시오.
c:\users\songyikim\source\repos\protobuf-3.2.x\src\google\protobuf\descriptor.pb.h(605): warning C4251: 'google::protobuf::FileDescriptorProto::public_dependency_': class 'google::protobuf::RepeatedField<google::protobuf::int32>'에서는 class 'google::protobuf::FileDescriptorProto'의 클라이언트에서 DLL 인터페이스를 사용하도록 지정해야 합니다.
  c:\users\songyikim\source\repos\protobuf-3.2.x\src\google\protobuf\message.h(1077): note: 'google::protobuf::RepeatedField<google::protobuf::int32>' 선언을 참조하십시오.
c:\users\songyikim\source\repos\protobuf-3.2.x\src\google\protobuf\descriptor.pb.h(606): warning C4251: 'google::protobuf::FileDescriptorProto::weak_dependency_': class 'google::protobuf::RepeatedField<google::protobuf::int32>'에서는 class 'google::protobuf::FileDescriptorProto'의 클라이언트에서 DLL 인터페이스를 사용하도록 지정해야 합니다.
  c:\users\songyikim\source\repos\protobuf-3.2.x\src\google\protobuf\message.h(1077): note: 'google::protobuf::RepeatedField<google::protobuf::int32>' 선언을 참조하십시오.
c:\users\songyikim\source\repos\protobuf-3.2.x\src\google\protobuf\descriptor.pb.h(607): warning C4251: 'google::protobuf::FileDescriptorProto::message_type_': class 'google::protobuf::RepeatedPtrField<google::protobuf::DescriptorProto>'에서는 class 'google::protobuf::FileDescriptorProto'의 클라이언트에서 DLL 인터페이스를 사용하도록 지정해야 합니다.
  c:\users\songyikim\source\repos\protobuf-3.2.x\src\google\protobuf\descriptor.pb.h(484): note: 'google::protobuf::RepeatedPtrField<google::protobuf::DescriptorProto>' 선언을 참조하십시오.
c:\users\songyikim\source\repos\protobuf-3.2.x\src\google\protobuf\descriptor.pb.h(608): warning C4251: 'google::protobuf::FileDescriptorProto::enum_type_': class 'google::protobuf::RepeatedPtrField<google::protobuf::EnumDescriptorProto>'에서는 class 'google::protobuf::FileDescriptorProto'의 클라이언트에서 DLL 인터페이스를 사용하도록 지정해야 합니다.
  c:\users\songyikim\source\repos\protobuf-3.2.x\src\google\protobuf\descriptor.pb.h(496): note: 'google::protobuf::RepeatedPtrField<google::protobuf::EnumDescriptorProto>' 선언을 참조하십시오.
c:\users\songyikim\source\repos\protobuf-3.2.x\src\google\protobuf\descriptor.pb.h(609): warning C4251: 'google::protobuf::FileDescriptorProto::service_': class 'google::protobuf::RepeatedPtrField<google::protobuf::ServiceDescriptorProto>'에서는 class 'google::protobuf::FileDescriptorProto'의 클라이언트에서 DLL 인터페이스를 사용하도록 지정해야 합니다.
  c:\users\songyikim\source\repos\protobuf-3.2.x\src\google\protobuf\descriptor.pb.h(508): note: 'google::protobuf::RepeatedPtrField<google::protobuf::ServiceDescriptorProto>' 선언을 참조하십시오.
c:\users\songyikim\source\repos\protobuf-3.2.x\src\google\protobuf\descriptor.pb.h(610): warning C4251: 'google::protobuf::FileDescriptorProto::extension_': class 'google::protobuf::RepeatedPtrField<google::protobuf::FieldDescriptorProto>'에서는 class 'google::protobuf::FileDescriptorProto'의 클라이언트에서 DLL 인터페이스를 사용하도록 지정해야 합니다.
  c:\users\songyikim\source\repos\protobuf-3.2.x\src\google\protobuf\descriptor.pb.h(520): note: 'google::protobuf::RepeatedPtrField<google::protobuf::FieldDescriptorProto>' 선언을 참조하십시오.
c:\users\songyikim\source\repos\protobuf-3.2.x\src\google\protobuf\descriptor.pb.h(716): warning C4251: 'google::protobuf::DescriptorProto_ExtensionRange::_internal_metadata_': class 'google::protobuf::internal::InternalMetadataWithArena'에서는 class 'google::protobuf::DescriptorProto_ExtensionRange'의 클라이언트에서 DLL 인터페이스를 사용하도록 지정해야 합니다.
  c:\users\songyikim\source\repos\protobuf-3.2.x\src\google\protobuf\metadata.h(170): note: 'google::protobuf::internal::InternalMetadataWithArena' 선언을 참조하십시오.
c:\users\songyikim\source\repos\protobuf-3.2.x\src\google\protobuf\descriptor.pb.h(717): warning C4251: 'google::protobuf::DescriptorProto_ExtensionRange::_has_bits_': class 'google::protobuf::internal::HasBits<1>'에서는 class 'google::protobuf::DescriptorProto_ExtensionRange'의 클라이언트에서 DLL 인터페이스를 사용하도록 지정해야 합니다.
  c:\users\songyikim\source\repos\protobuf-3.2.x\src\google\protobuf\has_bits.h(72): note: 'google::protobuf::internal::HasBits<1>' 선언을 참조하십시오.
c:\users\songyikim\source\repos\protobuf-3.2.x\src\google\protobuf\descriptor.pb.h(821): warning C4251: 'google::protobuf::DescriptorProto_ReservedRange::_internal_metadata_': class 'google::protobuf::internal::InternalMetadataWithArena'에서는 class 'google::protobuf::DescriptorProto_ReservedRange'의 클라이언트에서 DLL 인터페이스를 사용하도록 지정해야 합니다.
  c:\users\songyikim\source\repos\protobuf-3.2.x\src\google\protobuf\metadata.h(170): note: 'google::protobuf::internal::InternalMetadataWithArena' 선언을 참조하십시오.
c:\users\songyikim\source\repos\protobuf-3.2.x\src\google\protobuf\descriptor.pb.h(822): warning C4251: 'google::protobuf::DescriptorProto_ReservedRange::_has_bits_': class 'google::protobuf::internal::HasBits<1>'에서는 class 'google::protobuf::DescriptorProto_ReservedRange'의 클라이언트에서 DLL 인터페이스를 사용하도록 지정해야 합니다.
  c:\users\songyikim\source\repos\protobuf-3.2.x\src\google\protobuf\has_bits.h(72): note: 'google::protobuf::internal::HasBits<1>' 선언을 참조하십시오.
c:\users\songyikim\source\repos\protobuf-3.2.x\src\google\protobuf\descriptor.pb.h(1039): warning C4251: 'google::protobuf::DescriptorProto::_internal_metadata_': class 'google::protobuf::internal::InternalMetadataWithArena'에서는 class 'google::protobuf::DescriptorProto'의 클라이언트에서 DLL 인터페이스를 사용하도록 지정해야 합니다.
  c:\users\songyikim\source\repos\protobuf-3.2.x\src\google\protobuf\metadata.h(170): note: 'google::protobuf::internal::InternalMetadataWithArena' 선언을 참조하십시오.
c:\users\songyikim\source\repos\protobuf-3.2.x\src\google\protobuf\descriptor.pb.h(1040): warning C4251: 'google::protobuf::DescriptorProto::_has_bits_': class 'google::protobuf::internal::HasBits<1>'에서는 class 'google::protobuf::DescriptorProto'의 클라이언트에서 DLL 인터페이스를 사용하도록 지정해야 합니다.
  c:\users\songyikim\source\repos\protobuf-3.2.x\src\google\protobuf\has_bits.h(72): note: 'google::protobuf::internal::HasBits<1>' 선언을 참조하십시오.
c:\users\songyikim\source\repos\protobuf-3.2.x\src\google\protobuf\descriptor.pb.h(1042): warning C4251: 'google::protobuf::DescriptorProto::field_': class 'google::protobuf::RepeatedPtrField<google::protobuf::FieldDescriptorProto>'에서는 class 'google::protobuf::DescriptorProto'의 클라이언트에서 DLL 인터페이스를 사용하도록 지정해야 합니다.
  c:\users\songyikim\source\repos\protobuf-3.2.x\src\google\protobuf\descriptor.pb.h(520): note: 'google::protobuf::RepeatedPtrField<google::protobuf::FieldDescriptorProto>' 선언을 참조하십시오.
c:\users\songyikim\source\repos\protobuf-3.2.x\src\google\protobuf\descriptor.pb.h(1043): warning C4251: 'google::protobuf::DescriptorProto::extension_': class 'google::protobuf::RepeatedPtrField<google::protobuf::FieldDescriptorProto>'에서는 class 'google::protobuf::DescriptorProto'의 클라이언트에서 DLL 인터페이스를 사용하도록 지정해야 합니다.
  c:\users\songyikim\source\repos\protobuf-3.2.x\src\google\protobuf\descriptor.pb.h(520): note: 'google::protobuf::RepeatedPtrField<google::protobuf::FieldDescriptorProto>' 선언을 참조하십시오.
c:\users\songyikim\source\repos\protobuf-3.2.x\src\google\protobuf\descriptor.pb.h(1044): warning C4251: 'google::protobuf::DescriptorProto::nested_type_': class 'google::protobuf::RepeatedPtrField<google::protobuf::DescriptorProto>'에서는 class 'google::protobuf::DescriptorProto'의 클라이언트에서 DLL 인터페이스를 사용하도록 지정해야 합니다.
  c:\users\songyikim\source\repos\protobuf-3.2.x\src\google\protobuf\descriptor.pb.h(484): note: 'google::protobuf::RepeatedPtrField<google::protobuf::DescriptorProto>' 선언을 참조하십시오.
c:\users\songyikim\source\repos\protobuf-3.2.x\src\google\protobuf\descriptor.pb.h(1045): warning C4251: 'google::protobuf::DescriptorProto::enum_type_': class 'google::protobuf::RepeatedPtrField<google::protobuf::EnumDescriptorProto>'에서는 class 'google::protobuf::DescriptorProto'의 클라이언트에서 DLL 인터페이스를 사용하도록 지정해야 합니다.
  c:\users\songyikim\source\repos\protobuf-3.2.x\src\google\protobuf\descriptor.pb.h(496): note: 'google::protobuf::RepeatedPtrField<google::protobuf::EnumDescriptorProto>' 선언을 참조하십시오.
c:\users\songyikim\source\repos\protobuf-3.2.x\src\google\protobuf\descriptor.pb.h(1046): warning C4251: 'google::protobuf::DescriptorProto::extension_range_': class 'google::protobuf::RepeatedPtrField<google::protobuf::DescriptorProto_ExtensionRange>'에서는 class 'google::protobuf::DescriptorProto'의 클라이언트에서 DLL 인터페이스를 사용하도록 지정해야 합니다.
  c:\users\songyikim\source\repos\protobuf-3.2.x\src\google\protobuf\descriptor.pb.h(963): note: 'google::protobuf::RepeatedPtrField<google::protobuf::DescriptorProto_ExtensionRange>' 선언을 참조하십시오.
c:\users\songyikim\source\repos\protobuf-3.2.x\src\google\protobuf\descriptor.pb.h(1047): warning C4251: 'google::protobuf::DescriptorProto::oneof_decl_': class 'google::protobuf::RepeatedPtrField<google::protobuf::OneofDescriptorProto>'에서는 class 'google::protobuf::DescriptorProto'의 클라이언트에서 DLL 인터페이스를 사용하도록 지정해야 합니다.
  c:\users\songyikim\source\repos\protobuf-3.2.x\src\google\protobuf\descriptor.pb.h(975): note: 'google::protobuf::RepeatedPtrField<google::protobuf::OneofDescriptorProto>' 선언을 참조하십시오.
c:\users\songyikim\source\repos\protobuf-3.2.x\src\google\protobuf\descriptor.pb.h(1048): warning C4251: 'google::protobuf::DescriptorProto::reserved_range_': class 'google::protobuf::RepeatedPtrField<google::protobuf::DescriptorProto_ReservedRange>'에서는 class 'google::protobuf::DescriptorProto'의 클라이언트에서 DLL 인터페이스를 사용하도록 지정해야 합니다.
  c:\users\songyikim\source\repos\protobuf-3.2.x\src\google\protobuf\descriptor.pb.h(987): note: 'google::protobuf::RepeatedPtrField<google::protobuf::DescriptorProto_ReservedRange>' 선언을 참조하십시오.
c:\users\songyikim\source\repos\protobuf-3.2.x\src\google\protobuf\descriptor.pb.h(1049): warning C4251: 'google::protobuf::DescriptorProto::reserved_name_': class 'google::protobuf::RepeatedPtrField<std::string>'에서는 class 'google::protobuf::DescriptorProto'의 클라이언트에서 DLL 인터페이스를 사용하도록 지정해야 합니다.
  c:\users\songyikim\source\repos\protobuf-3.2.x\src\google\protobuf\message.h(1095): note: 'google::protobuf::RepeatedPtrField<std::string>' 선언을 참조하십시오.
c:\users\songyikim\source\repos\protobuf-3.2.x\src\google\protobuf\descriptor.pb.h(1352): warning C4251: 'google::protobuf::FieldDescriptorProto::_internal_metadata_': class 'google::protobuf::internal::InternalMetadataWithArena'에서는 class 'google::protobuf::FieldDescriptorProto'의 클라이언트에서 DLL 인터페이스를 사용하도록 지정해야 합니다.
  c:\users\songyikim\source\repos\protobuf-3.2.x\src\google\protobuf\metadata.h(170): note: 'google::protobuf::internal::InternalMetadataWithArena' 선언을 참조하십시오.
c:\users\songyikim\source\repos\protobuf-3.2.x\src\google\protobuf\descriptor.pb.h(1353): warning C4251: 'google::protobuf::FieldDescriptorProto::_has_bits_': class 'google::protobuf::internal::HasBits<1>'에서는 class 'google::protobuf::FieldDescriptorProto'의 클라이언트에서 DLL 인터페이스를 사용하도록 지정해야 합니다.
  c:\users\songyikim\source\repos\protobuf-3.2.x\src\google\protobuf\has_bits.h(72): note: 'google::protobuf::internal::HasBits<1>' 선언을 참조하십시오.
c:\users\songyikim\source\repos\protobuf-3.2.x\src\google\protobuf\descriptor.pb.h(1475): warning C4251: 'google::protobuf::OneofDescriptorProto::_internal_metadata_': class 'google::protobuf::internal::InternalMetadataWithArena'에서는 class 'google::protobuf::OneofDescriptorProto'의 클라이언트에서 DLL 인터페이스를 사용하도록 지정해야 합니다.
  c:\users\songyikim\source\repos\protobuf-3.2.x\src\google\protobuf\metadata.h(170): note: 'google::protobuf::internal::InternalMetadataWithArena' 선언을 참조하십시오.
c:\users\songyikim\source\repos\protobuf-3.2.x\src\google\protobuf\descriptor.pb.h(1476): warning C4251: 'google::protobuf::OneofDescriptorProto::_has_bits_': class 'google::protobuf::internal::HasBits<1>'에서는 class 'google::protobuf::OneofDescriptorProto'의 클라이언트에서 DLL 인터페이스를 사용하도록 지정해야 합니다.
  c:\users\songyikim\source\repos\protobuf-3.2.x\src\google\protobuf\has_bits.h(72): note: 'google::protobuf::internal::HasBits<1>' 선언을 참조하십시오.
c:\users\songyikim\source\repos\protobuf-3.2.x\src\google\protobuf\descriptor.pb.h(1602): warning C4251: 'google::protobuf::EnumDescriptorProto::_internal_metadata_': class 'google::protobuf::internal::InternalMetadataWithArena'에서는 class 'google::protobuf::EnumDescriptorProto'의 클라이언트에서 DLL 인터페이스를 사용하도록 지정해야 합니다.
  c:\users\songyikim\source\repos\protobuf-3.2.x\src\google\protobuf\metadata.h(170): note: 'google::protobuf::internal::InternalMetadataWithArena' 선언을 참조하십시오.
c:\users\songyikim\source\repos\protobuf-3.2.x\src\google\protobuf\descriptor.pb.h(1603): warning C4251: 'google::protobuf::EnumDescriptorProto::_has_bits_': class 'google::protobuf::internal::HasBits<1>'에서는 class 'google::protobuf::EnumDescriptorProto'의 클라이언트에서 DLL 인터페이스를 사용하도록 지정해야 합니다.
  c:\users\songyikim\source\repos\protobuf-3.2.x\src\google\protobuf\has_bits.h(72): note: 'google::protobuf::internal::HasBits<1>' 선언을 참조하십시오.
c:\users\songyikim\source\repos\protobuf-3.2.x\src\google\protobuf\descriptor.pb.h(1605): warning C4251: 'google::protobuf::EnumDescriptorProto::value_': class 'google::protobuf::RepeatedPtrField<google::protobuf::EnumValueDescriptorProto>'에서는 class 'google::protobuf::EnumDescriptorProto'의 클라이언트에서 DLL 인터페이스를 사용하도록 지정해야 합니다.
  c:\users\songyikim\source\repos\protobuf-3.2.x\src\google\protobuf\descriptor.pb.h(1566): note: 'google::protobuf::RepeatedPtrField<google::protobuf::EnumValueDescriptorProto>' 선언을 참조하십시오.
c:\users\songyikim\source\repos\protobuf-3.2.x\src\google\protobuf\descriptor.pb.h(1727): warning C4251: 'google::protobuf::EnumValueDescriptorProto::_internal_metadata_': class 'google::protobuf::internal::InternalMetadataWithArena'에서는 class 'google::protobuf::EnumValueDescriptorProto'의 클라이언트에서 DLL 인터페이스를 사용하도록 지정해야 합니다.
  c:\users\songyikim\source\repos\protobuf-3.2.x\src\google\protobuf\metadata.h(170): note: 'google::protobuf::internal::InternalMetadataWithArena' 선언을 참조하십시오.
c:\users\songyikim\source\repos\protobuf-3.2.x\src\google\protobuf\descriptor.pb.h(1728): warning C4251: 'google::protobuf::EnumValueDescriptorProto::_has_bits_': class 'google::protobuf::internal::HasBits<1>'에서는 class 'google::protobuf::EnumValueDescriptorProto'의 클라이언트에서 DLL 인터페이스를 사용하도록 지정해야 합니다.
  c:\users\songyikim\source\repos\protobuf-3.2.x\src\google\protobuf\has_bits.h(72): note: 'google::protobuf::internal::HasBits<1>' 선언을 참조하십시오.
c:\users\songyikim\source\repos\protobuf-3.2.x\src\google\protobuf\descriptor.pb.h(1855): warning C4251: 'google::protobuf::ServiceDescriptorProto::_internal_metadata_': class 'google::protobuf::internal::InternalMetadataWithArena'에서는 class 'google::protobuf::ServiceDescriptorProto'의 클라이언트에서 DLL 인터페이스를 사용하도록 지정해야 합니다.
  c:\users\songyikim\source\repos\protobuf-3.2.x\src\google\protobuf\metadata.h(170): note: 'google::protobuf::internal::InternalMetadataWithArena' 선언을 참조하십시오.
c:\users\songyikim\source\repos\protobuf-3.2.x\src\google\protobuf\descriptor.pb.h(1856): warning C4251: 'google::protobuf::ServiceDescriptorProto::_has_bits_': class 'google::protobuf::internal::HasBits<1>'에서는 class 'google::protobuf::ServiceDescriptorProto'의 클라이언트에서 DLL 인터페이스를 사용하도록 지정해야 합니다.
  c:\users\songyikim\source\repos\protobuf-3.2.x\src\google\protobuf\has_bits.h(72): note: 'google::protobuf::internal::HasBits<1>' 선언을 참조하십시오.
c:\users\songyikim\source\repos\protobuf-3.2.x\src\google\protobuf\descriptor.pb.h(1858): warning C4251: 'google::protobuf::ServiceDescriptorProto::method_': class 'google::protobuf::RepeatedPtrField<google::protobuf::MethodDescriptorProto>'에서는 class 'google::protobuf::ServiceDescriptorProto'의 클라이언트에서 DLL 인터페이스를 사용하도록 지정해야 합니다.
  c:\users\songyikim\source\repos\protobuf-3.2.x\src\google\protobuf\descriptor.pb.h(1819): note: 'google::protobuf::RepeatedPtrField<google::protobuf::MethodDescriptorProto>' 선언을 참조하십시오.
c:\users\songyikim\source\repos\protobuf-3.2.x\src\google\protobuf\descriptor.pb.h(2023): warning C4251: 'google::protobuf::MethodDescriptorProto::_internal_metadata_': class 'google::protobuf::internal::InternalMetadataWithArena'에서는 class 'google::protobuf::MethodDescriptorProto'의 클라이언트에서 DLL 인터페이스를 사용하도록 지정해야 합니다.
  c:\users\songyikim\source\repos\protobuf-3.2.x\src\google\protobuf\metadata.h(170): note: 'google::protobuf::internal::InternalMetadataWithArena' 선언을 참조하십시오.
c:\users\songyikim\source\repos\protobuf-3.2.x\src\google\protobuf\descriptor.pb.h(2024): warning C4251: 'google::protobuf::MethodDescriptorProto::_has_bits_': class 'google::protobuf::internal::HasBits<1>'에서는 class 'google::protobuf::MethodDescriptorProto'의 클라이언트에서 DLL 인터페이스를 사용하도록 지정해야 합니다.
  c:\users\songyikim\source\repos\protobuf-3.2.x\src\google\protobuf\has_bits.h(72): note: 'google::protobuf::internal::HasBits<1>' 선언을 참조하십시오.
c:\users\songyikim\source\repos\protobuf-3.2.x\src\google\protobuf\descriptor.pb.h(2340): warning C4251: 'google::protobuf::FileOptions::_internal_metadata_': class 'google::protobuf::internal::InternalMetadataWithArena'에서는 class 'google::protobuf::FileOptions'의 클라이언트에서 DLL 인터페이스를 사용하도록 지정해야 합니다.
  c:\users\songyikim\source\repos\protobuf-3.2.x\src\google\protobuf\metadata.h(170): note: 'google::protobuf::internal::InternalMetadataWithArena' 선언을 참조하십시오.
c:\users\songyikim\source\repos\protobuf-3.2.x\src\google\protobuf\descriptor.pb.h(2341): warning C4251: 'google::protobuf::FileOptions::_has_bits_': class 'google::protobuf::internal::HasBits<1>'에서는 class 'google::protobuf::FileOptions'의 클라이언트에서 DLL 인터페이스를 사용하도록 지정해야 합니다.
  c:\users\songyikim\source\repos\protobuf-3.2.x\src\google\protobuf\has_bits.h(72): note: 'google::protobuf::internal::HasBits<1>' 선언을 참조하십시오.
c:\users\songyikim\source\repos\protobuf-3.2.x\src\google\protobuf\descriptor.pb.h(2343): warning C4251: 'google::protobuf::FileOptions::uninterpreted_option_': class 'google::protobuf::RepeatedPtrField<google::protobuf::UninterpretedOption>'에서는 class 'google::protobuf::FileOptions'의 클라이언트에서 DLL 인터페이스를 사용하도록 지정해야 합니다.
  c:\users\songyikim\source\repos\protobuf-3.2.x\src\google\protobuf\descriptor.pb.h(2146): note: 'google::protobuf::RepeatedPtrField<google::protobuf::UninterpretedOption>' 선언을 참조하십시오.
c:\users\songyikim\source\repos\protobuf-3.2.x\src\google\protobuf\descriptor.pb.h(2492): warning C4251: 'google::protobuf::MessageOptions::_internal_metadata_': class 'google::protobuf::internal::InternalMetadataWithArena'에서는 class 'google::protobuf::MessageOptions'의 클라이언트에서 DLL 인터페이스를 사용하도록 지정해야 합니다.
  c:\users\songyikim\source\repos\protobuf-3.2.x\src\google\protobuf\metadata.h(170): note: 'google::protobuf::internal::InternalMetadataWithArena' 선언을 참조하십시오.
c:\users\songyikim\source\repos\protobuf-3.2.x\src\google\protobuf\descriptor.pb.h(2493): warning C4251: 'google::protobuf::MessageOptions::_has_bits_': class 'google::protobuf::internal::HasBits<1>'에서는 class 'google::protobuf::MessageOptions'의 클라이언트에서 DLL 인터페이스를 사용하도록 지정해야 합니다.
  c:\users\songyikim\source\repos\protobuf-3.2.x\src\google\protobuf\has_bits.h(72): note: 'google::protobuf::internal::HasBits<1>' 선언을 참조하십시오.
c:\users\songyikim\source\repos\protobuf-3.2.x\src\google\protobuf\descriptor.pb.h(2495): warning C4251: 'google::protobuf::MessageOptions::uninterpreted_option_': class 'google::protobuf::RepeatedPtrField<google::protobuf::UninterpretedOption>'에서는 class 'google::protobuf::MessageOptions'의 클라이언트에서 DLL 인터페이스를 사용하도록 지정해야 합니다.
  c:\users\songyikim\source\repos\protobuf-3.2.x\src\google\protobuf\descriptor.pb.h(2146): note: 'google::protobuf::RepeatedPtrField<google::protobuf::UninterpretedOption>' 선언을 참조하십시오.
c:\users\songyikim\source\repos\protobuf-3.2.x\src\google\protobuf\descriptor.pb.h(2707): warning C4251: 'google::protobuf::FieldOptions::_internal_metadata_': class 'google::protobuf::internal::InternalMetadataWithArena'에서는 class 'google::protobuf::FieldOptions'의 클라이언트에서 DLL 인터페이스를 사용하도록 지정해야 합니다.
  c:\users\songyikim\source\repos\protobuf-3.2.x\src\google\protobuf\metadata.h(170): note: 'google::protobuf::internal::InternalMetadataWithArena' 선언을 참조하십시오.
c:\users\songyikim\source\repos\protobuf-3.2.x\src\google\protobuf\descriptor.pb.h(2708): warning C4251: 'google::protobuf::FieldOptions::_has_bits_': class 'google::protobuf::internal::HasBits<1>'에서는 class 'google::protobuf::FieldOptions'의 클라이언트에서 DLL 인터페이스를 사용하도록 지정해야 합니다.
  c:\users\songyikim\source\repos\protobuf-3.2.x\src\google\protobuf\has_bits.h(72): note: 'google::protobuf::internal::HasBits<1>' 선언을 참조하십시오.
c:\users\songyikim\source\repos\protobuf-3.2.x\src\google\protobuf\descriptor.pb.h(2710): warning C4251: 'google::protobuf::FieldOptions::uninterpreted_option_': class 'google::protobuf::RepeatedPtrField<google::protobuf::UninterpretedOption>'에서는 class 'google::protobuf::FieldOptions'의 클라이언트에서 DLL 인터페이스를 사용하도록 지정해야 합니다.
  c:\users\songyikim\source\repos\protobuf-3.2.x\src\google\protobuf\descriptor.pb.h(2146): note: 'google::protobuf::RepeatedPtrField<google::protobuf::UninterpretedOption>' 선언을 참조하십시오.
c:\users\songyikim\source\repos\protobuf-3.2.x\src\google\protobuf\descriptor.pb.h(2814): warning C4251: 'google::protobuf::OneofOptions::_internal_metadata_': class 'google::protobuf::internal::InternalMetadataWithArena'에서는 class 'google::protobuf::OneofOptions'의 클라이언트에서 DLL 인터페이스를 사용하도록 지정해야 합니다.
  c:\users\songyikim\source\repos\protobuf-3.2.x\src\google\protobuf\metadata.h(170): note: 'google::protobuf::internal::InternalMetadataWithArena' 선언을 참조하십시오.
c:\users\songyikim\source\repos\protobuf-3.2.x\src\google\protobuf\descriptor.pb.h(2815): warning C4251: 'google::protobuf::OneofOptions::_has_bits_': class 'google::protobuf::internal::HasBits<1>'에서는 class 'google::protobuf::OneofOptions'의 클라이언트에서 DLL 인터페이스를 사용하도록 지정해야 합니다.
  c:\users\songyikim\source\repos\protobuf-3.2.x\src\google\protobuf\has_bits.h(72): note: 'google::protobuf::internal::HasBits<1>' 선언을 참조하십시오.
c:\users\songyikim\source\repos\protobuf-3.2.x\src\google\protobuf\descriptor.pb.h(2817): warning C4251: 'google::protobuf::OneofOptions::uninterpreted_option_': class 'google::protobuf::RepeatedPtrField<google::protobuf::UninterpretedOption>'에서는 class 'google::protobuf::OneofOptions'의 클라이언트에서 DLL 인터페이스를 사용하도록 지정해야 합니다.
  c:\users\songyikim\source\repos\protobuf-3.2.x\src\google\protobuf\descriptor.pb.h(2146): note: 'google::protobuf::RepeatedPtrField<google::protobuf::UninterpretedOption>' 선언을 참조하십시오.
c:\users\songyikim\source\repos\protobuf-3.2.x\src\google\protobuf\descriptor.pb.h(2933): warning C4251: 'google::protobuf::EnumOptions::_internal_metadata_': class 'google::protobuf::internal::InternalMetadataWithArena'에서는 class 'google::protobuf::EnumOptions'의 클라이언트에서 DLL 인터페이스를 사용하도록 지정해야 합니다.
  c:\users\songyikim\source\repos\protobuf-3.2.x\src\google\protobuf\metadata.h(170): note: 'google::protobuf::internal::InternalMetadataWithArena' 선언을 참조하십시오.
c:\users\songyikim\source\repos\protobuf-3.2.x\src\google\protobuf\descriptor.pb.h(2934): warning C4251: 'google::protobuf::EnumOptions::_has_bits_': class 'google::protobuf::internal::HasBits<1>'에서는 class 'google::protobuf::EnumOptions'의 클라이언트에서 DLL 인터페이스를 사용하도록 지정해야 합니다.
  c:\users\songyikim\source\repos\protobuf-3.2.x\src\google\protobuf\has_bits.h(72): note: 'google::protobuf::internal::HasBits<1>' 선언을 참조하십시오.
c:\users\songyikim\source\repos\protobuf-3.2.x\src\google\protobuf\descriptor.pb.h(2936): warning C4251: 'google::protobuf::EnumOptions::uninterpreted_option_': class 'google::protobuf::RepeatedPtrField<google::protobuf::UninterpretedOption>'에서는 class 'google::protobuf::EnumOptions'의 클라이언트에서 DLL 인터페이스를 사용하도록 지정해야 합니다.
  c:\users\songyikim\source\repos\protobuf-3.2.x\src\google\protobuf\descriptor.pb.h(2146): note: 'google::protobuf::RepeatedPtrField<google::protobuf::UninterpretedOption>' 선언을 참조하십시오.
c:\users\songyikim\source\repos\protobuf-3.2.x\src\google\protobuf\descriptor.pb.h(3045): warning C4251: 'google::protobuf::EnumValueOptions::_internal_metadata_': class 'google::protobuf::internal::InternalMetadataWithArena'에서는 class 'google::protobuf::EnumValueOptions'의 클라이언트에서 DLL 인터페이스를 사용하도록 지정해야 합니다.
  c:\users\songyikim\source\repos\protobuf-3.2.x\src\google\protobuf\metadata.h(170): note: 'google::protobuf::internal::InternalMetadataWithArena' 선언을 참조하십시오.
c:\users\songyikim\source\repos\protobuf-3.2.x\src\google\protobuf\descriptor.pb.h(3046): warning C4251: 'google::protobuf::EnumValueOptions::_has_bits_': class 'google::protobuf::internal::HasBits<1>'에서는 class 'google::protobuf::EnumValueOptions'의 클라이언트에서 DLL 인터페이스를 사용하도록 지정해야 합니다.
  c:\users\songyikim\source\repos\protobuf-3.2.x\src\google\protobuf\has_bits.h(72): note: 'google::protobuf::internal::HasBits<1>' 선언을 참조하십시오.
c:\users\songyikim\source\repos\protobuf-3.2.x\src\google\protobuf\descriptor.pb.h(3048): warning C4251: 'google::protobuf::EnumValueOptions::uninterpreted_option_': class 'google::protobuf::RepeatedPtrField<google::protobuf::UninterpretedOption>'에서는 class 'google::protobuf::EnumValueOptions'의 클라이언트에서 DLL 인터페이스를 사용하도록 지정해야 합니다.
  c:\users\songyikim\source\repos\protobuf-3.2.x\src\google\protobuf\descriptor.pb.h(2146): note: 'google::protobuf::RepeatedPtrField<google::protobuf::UninterpretedOption>' 선언을 참조하십시오.
c:\users\songyikim\source\repos\protobuf-3.2.x\src\google\protobuf\descriptor.pb.h(3156): warning C4251: 'google::protobuf::ServiceOptions::_internal_metadata_': class 'google::protobuf::internal::InternalMetadataWithArena'에서는 class 'google::protobuf::ServiceOptions'의 클라이언트에서 DLL 인터페이스를 사용하도록 지정해야 합니다.
  c:\users\songyikim\source\repos\protobuf-3.2.x\src\google\protobuf\metadata.h(170): note: 'google::protobuf::internal::InternalMetadataWithArena' 선언을 참조하십시오.
c:\users\songyikim\source\repos\protobuf-3.2.x\src\google\protobuf\descriptor.pb.h(3157): warning C4251: 'google::protobuf::ServiceOptions::_has_bits_': class 'google::protobuf::internal::HasBits<1>'에서는 class 'google::protobuf::ServiceOptions'의 클라이언트에서 DLL 인터페이스를 사용하도록 지정해야 합니다.
  c:\users\songyikim\source\repos\protobuf-3.2.x\src\google\protobuf\has_bits.h(72): note: 'google::protobuf::internal::HasBits<1>' 선언을 참조하십시오.
c:\users\songyikim\source\repos\protobuf-3.2.x\src\google\protobuf\descriptor.pb.h(3159): warning C4251: 'google::protobuf::ServiceOptions::uninterpreted_option_': class 'google::protobuf::RepeatedPtrField<google::protobuf::UninterpretedOption>'에서는 class 'google::protobuf::ServiceOptions'의 클라이언트에서 DLL 인터페이스를 사용하도록 지정해야 합니다.
  c:\users\songyikim\source\repos\protobuf-3.2.x\src\google\protobuf\descriptor.pb.h(2146): note: 'google::protobuf::RepeatedPtrField<google::protobuf::UninterpretedOption>' 선언을 참조하십시오.
c:\users\songyikim\source\repos\protobuf-3.2.x\src\google\protobuf\descriptor.pb.h(3304): warning C4251: 'google::protobuf::MethodOptions::_internal_metadata_': class 'google::protobuf::internal::InternalMetadataWithArena'에서는 class 'google::protobuf::MethodOptions'의 클라이언트에서 DLL 인터페이스를 사용하도록 지정해야 합니다.
  c:\users\songyikim\source\repos\protobuf-3.2.x\src\google\protobuf\metadata.h(170): note: 'google::protobuf::internal::InternalMetadataWithArena' 선언을 참조하십시오.
c:\users\songyikim\source\repos\protobuf-3.2.x\src\google\protobuf\descriptor.pb.h(3305): warning C4251: 'google::protobuf::MethodOptions::_has_bits_': class 'google::protobuf::internal::HasBits<1>'에서는 class 'google::protobuf::MethodOptions'의 클라이언트에서 DLL 인터페이스를 사용하도록 지정해야 합니다.
  c:\users\songyikim\source\repos\protobuf-3.2.x\src\google\protobuf\has_bits.h(72): note: 'google::protobuf::internal::HasBits<1>' 선언을 참조하십시오.
c:\users\songyikim\source\repos\protobuf-3.2.x\src\google\protobuf\descriptor.pb.h(3307): warning C4251: 'google::protobuf::MethodOptions::uninterpreted_option_': class 'google::protobuf::RepeatedPtrField<google::protobuf::UninterpretedOption>'에서는 class 'google::protobuf::MethodOptions'의 클라이언트에서 DLL 인터페이스를 사용하도록 지정해야 합니다.
  c:\users\songyikim\source\repos\protobuf-3.2.x\src\google\protobuf\descriptor.pb.h(2146): note: 'google::protobuf::RepeatedPtrField<google::protobuf::UninterpretedOption>' 선언을 참조하십시오.
c:\users\songyikim\source\repos\protobuf-3.2.x\src\google\protobuf\descriptor.pb.h(3421): warning C4251: 'google::protobuf::UninterpretedOption_NamePart::_internal_metadata_': class 'google::protobuf::internal::InternalMetadataWithArena'에서는 class 'google::protobuf::UninterpretedOption_NamePart'의 클라이언트에서 DLL 인터페이스를 사용하도록 지정해야 합니다.
  c:\users\songyikim\source\repos\protobuf-3.2.x\src\google\protobuf\metadata.h(170): note: 'google::protobuf::internal::InternalMetadataWithArena' 선언을 참조하십시오.
c:\users\songyikim\source\repos\protobuf-3.2.x\src\google\protobuf\descriptor.pb.h(3422): warning C4251: 'google::protobuf::UninterpretedOption_NamePart::_has_bits_': class 'google::protobuf::internal::HasBits<1>'에서는 class 'google::protobuf::UninterpretedOption_NamePart'의 클라이언트에서 DLL 인터페이스를 사용하도록 지정해야 합니다.
  c:\users\songyikim\source\repos\protobuf-3.2.x\src\google\protobuf\has_bits.h(72): note: 'google::protobuf::internal::HasBits<1>' 선언을 참조하십시오.
c:\users\songyikim\source\repos\protobuf-3.2.x\src\google\protobuf\descriptor.pb.h(3600): warning C4251: 'google::protobuf::UninterpretedOption::_internal_metadata_': class 'google::protobuf::internal::InternalMetadataWithArena'에서는 class 'google::protobuf::UninterpretedOption'의 클라이언트에서 DLL 인터페이스를 사용하도록 지정해야 합니다.
  c:\users\songyikim\source\repos\protobuf-3.2.x\src\google\protobuf\metadata.h(170): note: 'google::protobuf::internal::InternalMetadataWithArena' 선언을 참조하십시오.
c:\users\songyikim\source\repos\protobuf-3.2.x\src\google\protobuf\descriptor.pb.h(3601): warning C4251: 'google::protobuf::UninterpretedOption::_has_bits_': class 'google::protobuf::internal::HasBits<1>'에서는 class 'google::protobuf::UninterpretedOption'의 클라이언트에서 DLL 인터페이스를 사용하도록 지정해야 합니다.
  c:\users\songyikim\source\repos\protobuf-3.2.x\src\google\protobuf\has_bits.h(72): note: 'google::protobuf::internal::HasBits<1>' 선언을 참조하십시오.
c:\users\songyikim\source\repos\protobuf-3.2.x\src\google\protobuf\descriptor.pb.h(3603): warning C4251: 'google::protobuf::UninterpretedOption::name_': class 'google::protobuf::RepeatedPtrField<google::protobuf::UninterpretedOption_NamePart>'에서는 class 'google::protobuf::UninterpretedOption'의 클라이언트에서 DLL 인터페이스를 사용하도록 지정해야 합니다.
  c:\users\songyikim\source\repos\protobuf-3.2.x\src\google\protobuf\descriptor.pb.h(3514): note: 'google::protobuf::RepeatedPtrField<google::protobuf::UninterpretedOption_NamePart>' 선언을 참조하십시오.
c:\users\songyikim\source\repos\protobuf-3.2.x\src\google\protobuf\descriptor.pb.h(3766): warning C4251: 'google::protobuf::SourceCodeInfo_Location::_internal_metadata_': class 'google::protobuf::internal::InternalMetadataWithArena'에서는 class 'google::protobuf::SourceCodeInfo_Location'의 클라이언트에서 DLL 인터페이스를 사용하도록 지정해야 합니다.
  c:\users\songyikim\source\repos\protobuf-3.2.x\src\google\protobuf\metadata.h(170): note: 'google::protobuf::internal::InternalMetadataWithArena' 선언을 참조하십시오.
c:\users\songyikim\source\repos\protobuf-3.2.x\src\google\protobuf\descriptor.pb.h(3767): warning C4251: 'google::protobuf::SourceCodeInfo_Location::_has_bits_': class 'google::protobuf::internal::HasBits<1>'에서는 class 'google::protobuf::SourceCodeInfo_Location'의 클라이언트에서 DLL 인터페이스를 사용하도록 지정해야 합니다.
  c:\users\songyikim\source\repos\protobuf-3.2.x\src\google\protobuf\has_bits.h(72): note: 'google::protobuf::internal::HasBits<1>' 선언을 참조하십시오.
c:\users\songyikim\source\repos\protobuf-3.2.x\src\google\protobuf\descriptor.pb.h(3769): warning C4251: 'google::protobuf::SourceCodeInfo_Location::path_': class 'google::protobuf::RepeatedField<google::protobuf::int32>'에서는 class 'google::protobuf::SourceCodeInfo_Location'의 클라이언트에서 DLL 인터페이스를 사용하도록 지정해야 합니다.
  c:\users\songyikim\source\repos\protobuf-3.2.x\src\google\protobuf\message.h(1077): note: 'google::protobuf::RepeatedField<google::protobuf::int32>' 선언을 참조하십시오.
c:\users\songyikim\source\repos\protobuf-3.2.x\src\google\protobuf\descriptor.pb.h(3771): warning C4251: 'google::protobuf::SourceCodeInfo_Location::span_': class 'google::protobuf::RepeatedField<google::protobuf::int32>'에서는 class 'google::protobuf::SourceCodeInfo_Location'의 클라이언트에서 DLL 인터페이스를 사용하도록 지정해야 합니다.
  c:\users\songyikim\source\repos\protobuf-3.2.x\src\google\protobuf\message.h(1077): note: 'google::protobuf::RepeatedField<google::protobuf::int32>' 선언을 참조하십시오.
c:\users\songyikim\source\repos\protobuf-3.2.x\src\google\protobuf\descriptor.pb.h(3773): warning C4251: 'google::protobuf::SourceCodeInfo_Location::leading_detached_comments_': class 'google::protobuf::RepeatedPtrField<std::string>'에서는 class 'google::protobuf::SourceCodeInfo_Location'의 클라이언트에서 DLL 인터페이스를 사용하도록 지정해야 합니다.
  c:\users\songyikim\source\repos\protobuf-3.2.x\src\google\protobuf\message.h(1095): note: 'google::protobuf::RepeatedPtrField<std::string>' 선언을 참조하십시오.
c:\users\songyikim\source\repos\protobuf-3.2.x\src\google\protobuf\descriptor.pb.h(3872): warning C4251: 'google::protobuf::SourceCodeInfo::_internal_metadata_': class 'google::protobuf::internal::InternalMetadataWithArena'에서는 class 'google::protobuf::SourceCodeInfo'의 클라이언트에서 DLL 인터페이스를 사용하도록 지정해야 합니다.
  c:\users\songyikim\source\repos\protobuf-3.2.x\src\google\protobuf\metadata.h(170): note: 'google::protobuf::internal::InternalMetadataWithArena' 선언을 참조하십시오.
c:\users\songyikim\source\repos\protobuf-3.2.x\src\google\protobuf\descriptor.pb.h(3873): warning C4251: 'google::protobuf::SourceCodeInfo::_has_bits_': class 'google::protobuf::internal::HasBits<1>'에서는 class 'google::protobuf::SourceCodeInfo'의 클라이언트에서 DLL 인터페이스를 사용하도록 지정해야 합니다.
  c:\users\songyikim\source\repos\protobuf-3.2.x\src\google\protobuf\has_bits.h(72): note: 'google::protobuf::internal::HasBits<1>' 선언을 참조하십시오.
c:\users\songyikim\source\repos\protobuf-3.2.x\src\google\protobuf\descriptor.pb.h(3875): warning C4251: 'google::protobuf::SourceCodeInfo::location_': class 'google::protobuf::RepeatedPtrField<google::protobuf::SourceCodeInfo_Location>'에서는 class 'google::protobuf::SourceCodeInfo'의 클라이언트에서 DLL 인터페이스를 사용하도록 지정해야 합니다.
  c:\users\songyikim\source\repos\protobuf-3.2.x\src\google\protobuf\descriptor.pb.h(3864): note: 'google::protobuf::RepeatedPtrField<google::protobuf::SourceCodeInfo_Location>' 선언을 참조하십시오.
c:\users\songyikim\source\repos\protobuf-3.2.x\src\google\protobuf\descriptor.pb.h(4005): warning C4251: 'google::protobuf::GeneratedCodeInfo_Annotation::_internal_metadata_': class 'google::protobuf::internal::InternalMetadataWithArena'에서는 class 'google::protobuf::GeneratedCodeInfo_Annotation'의 클라이언트에서 DLL 인터페이스를 사용하도록 지정해야 합니다.
  c:\users\songyikim\source\repos\protobuf-3.2.x\src\google\protobuf\metadata.h(170): note: 'google::protobuf::internal::InternalMetadataWithArena' 선언을 참조하십시오.
c:\users\songyikim\source\repos\protobuf-3.2.x\src\google\protobuf\descriptor.pb.h(4006): warning C4251: 'google::protobuf::GeneratedCodeInfo_Annotation::_has_bits_': class 'google::protobuf::internal::HasBits<1>'에서는 class 'google::protobuf::GeneratedCodeInfo_Annotation'의 클라이언트에서 DLL 인터페이스를 사용하도록 지정해야 합니다.
  c:\users\songyikim\source\repos\protobuf-3.2.x\src\google\protobuf\has_bits.h(72): note: 'google::protobuf::internal::HasBits<1>' 선언을 참조하십시오.
c:\users\songyikim\source\repos\protobuf-3.2.x\src\google\protobuf\descriptor.pb.h(4008): warning C4251: 'google::protobuf::GeneratedCodeInfo_Annotation::path_': class 'google::protobuf::RepeatedField<google::protobuf::int32>'에서는 class 'google::protobuf::GeneratedCodeInfo_Annotation'의 클라이언트에서 DLL 인터페이스를 사용하도록 지정해야 합니다.
  c:\users\songyikim\source\repos\protobuf-3.2.x\src\google\protobuf\message.h(1077): note: 'google::protobuf::RepeatedField<google::protobuf::int32>' 선언을 참조하십시오.
c:\users\songyikim\source\repos\protobuf-3.2.x\src\google\protobuf\descriptor.pb.h(4109): warning C4251: 'google::protobuf::GeneratedCodeInfo::_internal_metadata_': class 'google::protobuf::internal::InternalMetadataWithArena'에서는 class 'google::protobuf::GeneratedCodeInfo'의 클라이언트에서 DLL 인터페이스를 사용하도록 지정해야 합니다.
  c:\users\songyikim\source\repos\protobuf-3.2.x\src\google\protobuf\metadata.h(170): note: 'google::protobuf::internal::InternalMetadataWithArena' 선언을 참조하십시오.
c:\users\songyikim\source\repos\protobuf-3.2.x\src\google\protobuf\descriptor.pb.h(4110): warning C4251: 'google::protobuf::GeneratedCodeInfo::_has_bits_': class 'google::protobuf::internal::HasBits<1>'에서는 class 'google::protobuf::GeneratedCodeInfo'의 클라이언트에서 DLL 인터페이스를 사용하도록 지정해야 합니다.
  c:\users\songyikim\source\repos\protobuf-3.2.x\src\google\protobuf\has_bits.h(72): note: 'google::protobuf::internal::HasBits<1>' 선언을 참조하십시오.
c:\users\songyikim\source\repos\protobuf-3.2.x\src\google\protobuf\descriptor.pb.h(4112): warning C4251: 'google::protobuf::GeneratedCodeInfo::annotation_': class 'google::protobuf::RepeatedPtrField<google::protobuf::GeneratedCodeInfo_Annotation>'에서는 class 'google::protobuf::GeneratedCodeInfo'의 클라이언트에서 DLL 인터페이스를 사용하도록 지정해야 합니다.
  c:\users\songyikim\source\repos\protobuf-3.2.x\src\google\protobuf\descriptor.pb.h(4101): note: 'google::protobuf::RepeatedPtrField<google::protobuf::GeneratedCodeInfo_Annotation>' 선언을 참조하십시오.
  ChattingClient.vcxproj -> C:\Users\songyikim\Source\Repos\ChattingClient\ChattingClient\Debug\ChattingClient.exe
  ChattingClient.vcxproj -> C:\Users\songyikim\Source\Repos\ChattingClient\ChattingClient\Debug\ChattingClient.pdb (Full PDB)
